[debug] [2022-05-30T20:03:03.955Z] ----------------------------------------------------------------------
[debug] [2022-05-30T20:03:03.957Z] Command:       /home/rami/.nvm/versions/node/v16.13.2/bin/node /home/rami/.nvm/versions/node/v16.13.2/bin/firebase emulators:start --only functions
[debug] [2022-05-30T20:03:03.957Z] CLI Version:   10.2.2
[debug] [2022-05-30T20:03:03.957Z] Platform:      linux
[debug] [2022-05-30T20:03:03.957Z] Node Version:  v16.13.2
[debug] [2022-05-30T20:03:03.958Z] Time:          Mon May 30 2022 23:03:03 GMT+0300 (Eastern European Summer Time)
[debug] [2022-05-30T20:03:03.958Z] ----------------------------------------------------------------------
[debug] 
[debug] [2022-05-30T20:03:04.014Z] > command requires scopes: ["email","openid","https://www.googleapis.com/auth/cloudplatformprojects.readonly","https://www.googleapis.com/auth/firebase","https://www.googleapis.com/auth/cloud-platform"]
[debug] [2022-05-30T20:03:04.015Z] > authorizing via signed-in user (ramighammami@gmail.com)
[info] i  emulators: Starting emulators: functions {"metadata":{"emulator":{"name":"hub"},"message":"Starting emulators: functions"}}
[debug] [2022-05-30T20:03:04.039Z] [hub] writing locator at /tmp/hub-inbox-message.json
[warn] ⚠  functions: The following emulators are not running, calls to these services from the Functions emulator will affect production: auth, firestore, database, hosting, pubsub, storage {"metadata":{"emulator":{"name":"functions"},"message":"The following emulators are not running, calls to these services from the Functions emulator will affect production: \u001b[1mauth, firestore, database, hosting, pubsub, storage\u001b[22m"}}
[info] ✔  functions: Using node@16 from host. {"metadata":{"emulator":{"name":"functions"},"message":"Using node@16 from host."}}
[debug] [2022-05-30T20:03:04.400Z] defaultcredentials: writing to file /home/rami/.config/firebase/ramighammami_gmail_com_application_default_credentials.json
[debug] [2022-05-30T20:03:04.404Z] Setting GAC to /home/rami/.config/firebase/ramighammami_gmail_com_application_default_credentials.json {"metadata":{"emulator":{"name":"functions"},"message":"Setting GAC to /home/rami/.config/firebase/ramighammami_gmail_com_application_default_credentials.json"}}
[debug] [2022-05-30T20:03:04.410Z] >>> [apiv2][query] GET https://firebase.googleapis.com/v1beta1/projects/inbox-message/adminSdkConfig [none]
[debug] [2022-05-30T20:03:05.879Z] <<< [apiv2][status] GET https://firebase.googleapis.com/v1beta1/projects/inbox-message/adminSdkConfig 200
[debug] [2022-05-30T20:03:05.879Z] <<< [apiv2][body] GET https://firebase.googleapis.com/v1beta1/projects/inbox-message/adminSdkConfig {"projectId":"inbox-message","storageBucket":"inbox-message.appspot.com","locationId":"europe-west"}
[debug] [2022-05-30T20:03:05.951Z] Ignoring unsupported arg: auto_download {"metadata":{"emulator":{"name":"ui"},"message":"Ignoring unsupported arg: auto_download"}}
[debug] [2022-05-30T20:03:05.951Z] Ignoring unsupported arg: port {"metadata":{"emulator":{"name":"ui"},"message":"Ignoring unsupported arg: port"}}
[debug] [2022-05-30T20:03:05.951Z] Starting Emulator UI with command {"binary":"node","args":["/home/rami/.cache/firebase/emulators/ui-v1.6.5/server.bundle.js"],"optionalArgs":[],"joinArgs":false} {"metadata":{"emulator":{"name":"ui"},"message":"Starting Emulator UI with command {\"binary\":\"node\",\"args\":[\"/home/rami/.cache/firebase/emulators/ui-v1.6.5/server.bundle.js\"],\"optionalArgs\":[],\"joinArgs\":false}"}}
[info] i  ui: Emulator UI logging to ui-debug.log {"metadata":{"emulator":{"name":"ui"},"message":"Emulator UI logging to \u001b[1mui-debug.log\u001b[22m"}}
[debug] [2022-05-30T20:03:06.039Z] Web / API server started at localhost:4000
 {"metadata":{"emulator":{"name":"ui"},"message":"Web / API server started at localhost:4000\n"}}
[info] i  functions: Watching "/home/rami/Documents/projects/react/react-native/Portal-app/functions" for Cloud Functions... {"metadata":{"emulator":{"name":"functions"},"message":"Watching \"/home/rami/Documents/projects/react/react-native/Portal-app/functions\" for Cloud Functions..."}}
[debug] [2022-05-30T20:03:06.229Z] Validating nodejs source
[debug] [2022-05-30T20:03:07.686Z] > [functions] package.json contents: {
  "name": "functions",
  "scripts": {
    "lint": "eslint --ext .js,.ts .",
    "lint:fix": "eslint --ext .js,.ts . --fix",
    "build": "tsc",
    "serve": "npm run build && firebase emulators:start --only functions",
    "shell": "npm run build && firebase functions:shell",
    "start": "npm run shell",
    "deploy": "firebase deploy --only functions",
    "logs": "firebase functions:log"
  },
  "engines": {
    "node": "16"
  },
  "main": "lib/index.js",
  "dependencies": {
    "body-parser": "^1.20.0",
    "cors": "^2.8.5",
    "express": "^4.18.1",
    "firebase-admin": "^10.2.0",
    "firebase-functions": "^3.21.2"
  },
  "devDependencies": {
    "@types/cors": "^2.8.12",
    "@typescript-eslint/eslint-plugin": "^5.12.0",
    "@typescript-eslint/parser": "^5.12.0",
    "eslint": "^8.9.0",
    "eslint-config-google": "^0.14.0",
    "eslint-plugin-import": "^2.25.4",
    "firebase-functions-test": "^0.2.0",
    "typescript": "^4.5.4"
  },
  "private": true
}
[debug] [2022-05-30T20:03:07.687Z] Building nodejs source
[debug] [2022-05-30T20:03:07.687Z] Analyzing nodejs backend spec
[info] ✔  functions[us-central1-api]: http function initialized (http://localhost:5001/inbox-message/us-central1/api). {"metadata":{"emulator":{"name":"functions"},"message":"\u001b[1mhttp\u001b[22m function initialized (http://localhost:5001/inbox-message/us-central1/api)."}}
[info] 
┌─────────────────────────────────────────────────────────────┐
│ ✔  All emulators ready! It is now safe to connect your app. │
│ i  View Emulator UI at http://localhost:4000                │
└─────────────────────────────────────────────────────────────┘

┌───────────┬────────────────┬─────────────────────────────────┐
│ Emulator  │ Host:Port      │ View in Emulator UI             │
├───────────┼────────────────┼─────────────────────────────────┤
│ Functions │ localhost:5001 │ http://localhost:4000/functions │
└───────────┴────────────────┴─────────────────────────────────┘
  Emulator Hub running at localhost:4400
  Other reserved ports: 4500

Issues? Report them at https://github.com/firebase/firebase-tools/issues and attach the *-debug.log files.
 
[debug] [2022-05-30T20:03:37.883Z] [work-queue] {"queueLength":1,"workRunningCount":0}
[debug] [2022-05-30T20:03:37.884Z] [work-queue] {"queueLength":0,"workRunningCount":1}
[debug] [2022-05-30T20:03:37.885Z] Accepted request GET /inbox-message/us-central1/api --> us-central1-api
[debug] [2022-05-30T20:03:37.898Z] [worker-pool] addWorker(us-central1-api) {"metadata":{"emulator":{"name":"functions"},"message":"[worker-pool] addWorker(us-central1-api)"}}
[debug] [2022-05-30T20:03:37.899Z] [worker-pool] Adding worker with key us-central1-api, total=1 {"metadata":{"emulator":{"name":"functions"},"message":"[worker-pool] Adding worker with key us-central1-api, total=1"}}
[debug] [2022-05-30T20:03:37.900Z] [worker-pool] submitWork(triggerId=us-central1-api) {"metadata":{"emulator":{"name":"functions"},"message":"[worker-pool] submitWork(triggerId=us-central1-api)"}}
[debug] [2022-05-30T20:03:37.900Z] [worker-us-central1-api-e15cc2b3-9094-4171-b6fa-8c2e16904bbf]: Assigning socketPath: /tmp/fire_emu_488002.sock {"metadata":{"emulator":{"name":"functions"},"message":"[worker-us-central1-api-e15cc2b3-9094-4171-b6fa-8c2e16904bbf]: Assigning socketPath: /tmp/fire_emu_488002.sock"}}
[debug] [2022-05-30T20:03:37.901Z] [worker-us-central1-api-e15cc2b3-9094-4171-b6fa-8c2e16904bbf]: BUSY {"metadata":{"emulator":{"name":"functions"},"message":"[worker-us-central1-api-e15cc2b3-9094-4171-b6fa-8c2e16904bbf]: BUSY"}}
[debug] [2022-05-30T20:03:38.624Z] [runtime-status] [488002] Functions runtime initialized. {"cwd":"/home/rami/Documents/projects/react/react-native/Portal-app/functions","node_version":"16.13.2"} {"metadata":{"emulator":{"name":"functions"},"function":{"name":"us-central1-api"},"extension":{},"message":"[runtime-status] [488002] Functions runtime initialized. {\"cwd\":\"/home/rami/Documents/projects/react/react-native/Portal-app/functions\",\"node_version\":\"16.13.2\"}"}}
[debug] [2022-05-30T20:03:38.626Z] [runtime-status] [488002] Disabled runtime features: undefined {"metadata":{"emulator":{"name":"functions"},"function":{"name":"us-central1-api"},"extension":{},"message":"[runtime-status] [488002] Disabled runtime features: undefined"}}
[debug] [2022-05-30T20:03:38.627Z] [runtime-status] [488002] Resolved module firebase-admin {"declared":true,"installed":true,"version":"10.2.0","resolution":"/home/rami/Documents/projects/react/react-native/Portal-app/functions/node_modules/firebase-admin/lib/index.js"} {"metadata":{"emulator":{"name":"functions"},"function":{"name":"us-central1-api"},"extension":{},"message":"[runtime-status] [488002] Resolved module firebase-admin {\"declared\":true,\"installed\":true,\"version\":\"10.2.0\",\"resolution\":\"/home/rami/Documents/projects/react/react-native/Portal-app/functions/node_modules/firebase-admin/lib/index.js\"}"}}
[debug] [2022-05-30T20:03:38.628Z] [runtime-status] [488002] Resolved module firebase-functions {"declared":true,"installed":true,"version":"3.21.2","resolution":"/home/rami/Documents/projects/react/react-native/Portal-app/functions/node_modules/firebase-functions/lib/index.js"} {"metadata":{"emulator":{"name":"functions"},"function":{"name":"us-central1-api"},"extension":{},"message":"[runtime-status] [488002] Resolved module firebase-functions {\"declared\":true,\"installed\":true,\"version\":\"3.21.2\",\"resolution\":\"/home/rami/Documents/projects/react/react-native/Portal-app/functions/node_modules/firebase-functions/lib/index.js\"}"}}
[debug] [2022-05-30T20:03:38.629Z] [runtime-status] [488002] Outgoing network have been stubbed. [{"name":"http","status":"mocked"},{"name":"http","status":"mocked"},{"name":"https","status":"mocked"},{"name":"https","status":"mocked"},{"name":"net","status":"mocked"}] {"metadata":{"emulator":{"name":"functions"},"function":{"name":"us-central1-api"},"extension":{},"message":"[runtime-status] [488002] Outgoing network have been stubbed. [{\"name\":\"http\",\"status\":\"mocked\"},{\"name\":\"http\",\"status\":\"mocked\"},{\"name\":\"https\",\"status\":\"mocked\"},{\"name\":\"https\",\"status\":\"mocked\"},{\"name\":\"net\",\"status\":\"mocked\"}]"}}
[debug] [2022-05-30T20:03:38.630Z] [runtime-status] [488002] Resolved module firebase-functions {"declared":true,"installed":true,"version":"3.21.2","resolution":"/home/rami/Documents/projects/react/react-native/Portal-app/functions/node_modules/firebase-functions/lib/index.js"} {"metadata":{"emulator":{"name":"functions"},"function":{"name":"us-central1-api"},"extension":{},"message":"[runtime-status] [488002] Resolved module firebase-functions {\"declared\":true,\"installed\":true,\"version\":\"3.21.2\",\"resolution\":\"/home/rami/Documents/projects/react/react-native/Portal-app/functions/node_modules/firebase-functions/lib/index.js\"}"}}
[debug] [2022-05-30T20:03:38.661Z] [runtime-status] [488002] Checked functions.config() {"config":{}} {"metadata":{"emulator":{"name":"functions"},"function":{"name":"us-central1-api"},"extension":{},"message":"[runtime-status] [488002] Checked functions.config() {\"config\":{}}"}}
[debug] [2022-05-30T20:03:38.661Z] [runtime-status] [488002] firebase-functions has been stubbed. {"functionsResolution":{"declared":true,"installed":true,"version":"3.21.2","resolution":"/home/rami/Documents/projects/react/react-native/Portal-app/functions/node_modules/firebase-functions/lib/index.js"}} {"metadata":{"emulator":{"name":"functions"},"function":{"name":"us-central1-api"},"extension":{},"message":"[runtime-status] [488002] firebase-functions has been stubbed. {\"functionsResolution\":{\"declared\":true,\"installed\":true,\"version\":\"3.21.2\",\"resolution\":\"/home/rami/Documents/projects/react/react-native/Portal-app/functions/node_modules/firebase-functions/lib/index.js\"}}"}}
[debug] [2022-05-30T20:03:38.662Z] [runtime-status] [488002] Resolved module firebase-functions {"declared":true,"installed":true,"version":"3.21.2","resolution":"/home/rami/Documents/projects/react/react-native/Portal-app/functions/node_modules/firebase-functions/lib/index.js"} {"metadata":{"emulator":{"name":"functions"},"function":{"name":"us-central1-api"},"extension":{},"message":"[runtime-status] [488002] Resolved module firebase-functions {\"declared\":true,\"installed\":true,\"version\":\"3.21.2\",\"resolution\":\"/home/rami/Documents/projects/react/react-native/Portal-app/functions/node_modules/firebase-functions/lib/index.js\"}"}}
[debug] [2022-05-30T20:03:38.663Z] [runtime-status] [488002] Resolved module firebase-admin {"declared":true,"installed":true,"version":"10.2.0","resolution":"/home/rami/Documents/projects/react/react-native/Portal-app/functions/node_modules/firebase-admin/lib/index.js"} {"metadata":{"emulator":{"name":"functions"},"function":{"name":"us-central1-api"},"extension":{},"message":"[runtime-status] [488002] Resolved module firebase-admin {\"declared\":true,\"installed\":true,\"version\":\"10.2.0\",\"resolution\":\"/home/rami/Documents/projects/react/react-native/Portal-app/functions/node_modules/firebase-admin/lib/index.js\"}"}}
[debug] [2022-05-30T20:03:38.664Z] [runtime-status] [488002] Resolved module firebase-functions {"declared":true,"installed":true,"version":"3.21.2","resolution":"/home/rami/Documents/projects/react/react-native/Portal-app/functions/node_modules/firebase-functions/lib/index.js"} {"metadata":{"emulator":{"name":"functions"},"function":{"name":"us-central1-api"},"extension":{},"message":"[runtime-status] [488002] Resolved module firebase-functions {\"declared\":true,\"installed\":true,\"version\":\"3.21.2\",\"resolution\":\"/home/rami/Documents/projects/react/react-native/Portal-app/functions/node_modules/firebase-functions/lib/index.js\"}"}}
[debug] [2022-05-30T20:03:38.664Z] [runtime-status] [488002] firebase-admin has been stubbed. {"adminResolution":{"declared":true,"installed":true,"version":"10.2.0","resolution":"/home/rami/Documents/projects/react/react-native/Portal-app/functions/node_modules/firebase-admin/lib/index.js"}} {"metadata":{"emulator":{"name":"functions"},"function":{"name":"us-central1-api"},"extension":{},"message":"[runtime-status] [488002] firebase-admin has been stubbed. {\"adminResolution\":{\"declared\":true,\"installed\":true,\"version\":\"10.2.0\",\"resolution\":\"/home/rami/Documents/projects/react/react-native/Portal-app/functions/node_modules/firebase-admin/lib/index.js\"}}"}}
[debug] [2022-05-30T20:03:38.723Z] [runtime-status] [488002] initializeApp(DEFAULT) {"storageBucket":"inbox-message.appspot.com","projectId":"inbox-message"} {"metadata":{"emulator":{"name":"functions"},"function":{"name":"us-central1-api"},"extension":{},"message":"[runtime-status] [488002] initializeApp(DEFAULT) {\"storageBucket\":\"inbox-message.appspot.com\",\"projectId\":\"inbox-message\"}"}}
[debug] [2022-05-30T20:03:38.726Z] [runtime-status] [488002] Beginning invocation function api! {"metadata":{"emulator":{"name":"functions"},"function":{"name":"us-central1-api"},"extension":{},"message":"[runtime-status] [488002] Beginning invocation function api!"}}
[info] i  functions: Beginning execution of "api" {"metadata":{"emulator":{"name":"functions"},"function":{"name":"us-central1-api"},"extension":{},"message":"Beginning execution of \"api\""}}
[debug] [2022-05-30T20:03:38.727Z] [runtime-status] [488002] Running api in signature http {"metadata":{"emulator":{"name":"functions"},"function":{"name":"us-central1-api"},"extension":{},"message":"[runtime-status] [488002] Running api in signature http"}}
[debug] [2022-05-30T20:03:38.729Z] [runtime-status] [488002] Attempting to listen to socketPath: /tmp/fire_emu_488002.sock {"metadata":{"emulator":{"name":"functions"},"function":{"name":"us-central1-api"},"extension":{},"message":"[runtime-status] [488002] Attempting to listen to socketPath: /tmp/fire_emu_488002.sock"}}
[debug] [2022-05-30T20:03:38.733Z] [functions] Runtime ready! Sending request! {"metadata":{"emulator":{"name":"functions"},"message":"[functions] Runtime ready! Sending request!"}}
[debug] [2022-05-30T20:03:38.733Z] [functions] Got req.url=/inbox-message/us-central1/api, mapping to path=/ {"metadata":{"emulator":{"name":"functions"},"message":"[functions] Got req.url=/inbox-message/us-central1/api, mapping to path=/"}}
[debug] [2022-05-30T20:03:38.738Z] [runtime-status] [488002] Ephemeral server handling GET request {"metadata":{"emulator":{"name":"functions"},"function":{"name":"us-central1-api"},"extension":{},"message":"[runtime-status] [488002] Ephemeral server handling GET request"}}
[debug] [2022-05-30T20:03:38.744Z] [runtime-status] [488002] Ephemeral server survived. {"metadata":{"emulator":{"name":"functions"},"function":{"name":"us-central1-api"},"extension":{},"message":"[runtime-status] [488002] Ephemeral server survived."}}
[info] i  functions: Finished "api" in ~1s {"metadata":{"emulator":{"name":"functions"},"function":{"name":"us-central1-api"},"extension":{},"message":"Finished \"api\" in ~1s"}}
[debug] [2022-05-30T20:03:38.746Z] [worker-us-central1-api-e15cc2b3-9094-4171-b6fa-8c2e16904bbf]: IDLE {"metadata":{"emulator":{"name":"functions"},"message":"[worker-us-central1-api-e15cc2b3-9094-4171-b6fa-8c2e16904bbf]: IDLE"}}
[debug] [2022-05-30T20:03:38.746Z] [work-queue] {"queueLength":0,"workRunningCount":0}
[debug] [2022-05-30T20:04:49.788Z] [work-queue] {"queueLength":1,"workRunningCount":0}
[debug] [2022-05-30T20:04:49.788Z] [work-queue] {"queueLength":0,"workRunningCount":1}
[debug] [2022-05-30T20:04:49.788Z] Accepted request GET /inbox-message/us-central1/api/users --> us-central1-api
[debug] [2022-05-30T20:04:49.788Z] [worker-pool] submitWork(triggerId=us-central1-api) {"metadata":{"emulator":{"name":"functions"},"message":"[worker-pool] submitWork(triggerId=us-central1-api)"}}
[debug] [2022-05-30T20:04:49.788Z] [worker-us-central1-api-e15cc2b3-9094-4171-b6fa-8c2e16904bbf]: Assigning socketPath: /tmp/fire_emu_488002.sock {"metadata":{"emulator":{"name":"functions"},"message":"[worker-us-central1-api-e15cc2b3-9094-4171-b6fa-8c2e16904bbf]: Assigning socketPath: /tmp/fire_emu_488002.sock"}}
[debug] [2022-05-30T20:04:49.788Z] [worker-us-central1-api-e15cc2b3-9094-4171-b6fa-8c2e16904bbf]: BUSY {"metadata":{"emulator":{"name":"functions"},"message":"[worker-us-central1-api-e15cc2b3-9094-4171-b6fa-8c2e16904bbf]: BUSY"}}
[debug] [2022-05-30T20:04:49.789Z] [runtime-status] [488002] Beginning invocation function api! {"metadata":{"emulator":{"name":"functions"},"function":{"name":"us-central1-api"},"extension":{},"message":"[runtime-status] [488002] Beginning invocation function api!"}}
[info] i  functions: Beginning execution of "api" {"metadata":{"emulator":{"name":"functions"},"function":{"name":"us-central1-api"},"extension":{},"message":"Beginning execution of \"api\""}}
[debug] [2022-05-30T20:04:49.790Z] [runtime-status] [488002] Running api in signature http {"metadata":{"emulator":{"name":"functions"},"function":{"name":"us-central1-api"},"extension":{},"message":"[runtime-status] [488002] Running api in signature http"}}
[debug] [2022-05-30T20:04:49.791Z] [runtime-status] [488002] Attempting to listen to socketPath: /tmp/fire_emu_488002.sock {"metadata":{"emulator":{"name":"functions"},"function":{"name":"us-central1-api"},"extension":{},"message":"[runtime-status] [488002] Attempting to listen to socketPath: /tmp/fire_emu_488002.sock"}}
[debug] [2022-05-30T20:04:49.793Z] [functions] Runtime ready! Sending request! {"metadata":{"emulator":{"name":"functions"},"message":"[functions] Runtime ready! Sending request!"}}
[debug] [2022-05-30T20:04:49.793Z] [functions] Got req.url=/inbox-message/us-central1/api/users, mapping to path=/users {"metadata":{"emulator":{"name":"functions"},"message":"[functions] Got req.url=/inbox-message/us-central1/api/users, mapping to path=/users"}}
[debug] [2022-05-30T20:04:49.795Z] [runtime-status] [488002] Ephemeral server handling GET request {"metadata":{"emulator":{"name":"functions"},"function":{"name":"us-central1-api"},"extension":{},"message":"[runtime-status] [488002] Ephemeral server handling GET request"}}
[debug] [2022-05-30T20:04:49.798Z] [runtime-status] [488002] Ephemeral server survived. {"metadata":{"emulator":{"name":"functions"},"function":{"name":"us-central1-api"},"extension":{},"message":"[runtime-status] [488002] Ephemeral server survived."}}
[info] i  functions: Finished "api" in ~1s {"metadata":{"emulator":{"name":"functions"},"function":{"name":"us-central1-api"},"extension":{},"message":"Finished \"api\" in ~1s"}}
[debug] [2022-05-30T20:04:49.798Z] [worker-us-central1-api-e15cc2b3-9094-4171-b6fa-8c2e16904bbf]: IDLE {"metadata":{"emulator":{"name":"functions"},"message":"[worker-us-central1-api-e15cc2b3-9094-4171-b6fa-8c2e16904bbf]: IDLE"}}
[debug] [2022-05-30T20:04:49.799Z] [work-queue] {"queueLength":0,"workRunningCount":0}
[debug] [2022-05-30T20:47:38.213Z] u [FetchError]: request to http://localhost:4400/emulators failed, reason: connect ECONNREFUSED ::1:4400
    at ClientRequest.<anonymous> (/home/rami/.cache/firebase/emulators/ui-v1.6.5/server.bundle.js:326:16909)
    at ClientRequest.emit (node:events:390:28)
    at Socket.socketErrorListener (node:_http_client:447:9)
    at Socket.emit (node:events:390:28)
    at emitErrorNT (node:internal/streams/destroy:157:8)
    at emitErrorCloseNT (node:internal/streams/destroy:122:3)
    at processTicksAndRejections (node:internal/process/task_queues:83:21) {
  type: 'system',
  errno: 'ECONNREFUSED',
  code: 'ECONNREFUSED'
}
 {"metadata":{"emulator":{"name":"ui"},"message":"u [FetchError]: request to http://localhost:4400/emulators failed, reason: connect ECONNREFUSED ::1:4400\n    at ClientRequest.<anonymous> (/home/rami/.cache/firebase/emulators/ui-v1.6.5/server.bundle.js:326:16909)\n    at ClientRequest.emit (node:events:390:28)\n    at Socket.socketErrorListener (node:_http_client:447:9)\n    at Socket.emit (node:events:390:28)\n    at emitErrorNT (node:internal/streams/destroy:157:8)\n    at emitErrorCloseNT (node:internal/streams/destroy:122:3)\n    at processTicksAndRejections (node:internal/process/task_queues:83:21) {\n  type: 'system',\n  errno: 'ECONNREFUSED',\n  code: 'ECONNREFUSED'\n}\n"}}
[debug] [2022-05-30T20:47:39.356Z] u [FetchError]: request to http://localhost:4400/emulators failed, reason: connect ECONNREFUSED ::1:4400
    at ClientRequest.<anonymous> (/home/rami/.cache/firebase/emulators/ui-v1.6.5/server.bundle.js:326:16909)
    at ClientRequest.emit (node:events:390:28)
    at Socket.socketErrorListener (node:_http_client:447:9)
    at Socket.emit (node:events:390:28)
    at emitErrorNT (node:internal/streams/destroy:157:8)
    at emitErrorCloseNT (node:internal/streams/destroy:122:3)
    at processTicksAndRejections (node:internal/process/task_queues:83:21) {
  type: 'system',
  errno: 'ECONNREFUSED',
  code: 'ECONNREFUSED'
}
 {"metadata":{"emulator":{"name":"ui"},"message":"u [FetchError]: request to http://localhost:4400/emulators failed, reason: connect ECONNREFUSED ::1:4400\n    at ClientRequest.<anonymous> (/home/rami/.cache/firebase/emulators/ui-v1.6.5/server.bundle.js:326:16909)\n    at ClientRequest.emit (node:events:390:28)\n    at Socket.socketErrorListener (node:_http_client:447:9)\n    at Socket.emit (node:events:390:28)\n    at emitErrorNT (node:internal/streams/destroy:157:8)\n    at emitErrorCloseNT (node:internal/streams/destroy:122:3)\n    at processTicksAndRejections (node:internal/process/task_queues:83:21) {\n  type: 'system',\n  errno: 'ECONNREFUSED',\n  code: 'ECONNREFUSED'\n}\n"}}
[debug] [2022-05-30T20:47:40.257Z] u [FetchError]: request to http://localhost:4400/emulators failed, reason: connect ECONNREFUSED ::1:4400
    at ClientRequest.<anonymous> (/home/rami/.cache/firebase/emulators/ui-v1.6.5/server.bundle.js:326:16909)
    at ClientRequest.emit (node:events:390:28)
    at Socket.socketErrorListener (node:_http_client:447:9)
    at Socket.emit (node:events:390:28)
    at emitErrorNT (node:internal/streams/destroy:157:8)
    at emitErrorCloseNT (node:internal/streams/destroy:122:3)
    at processTicksAndRejections (node:internal/process/task_queues:83:21) {
  type: 'system',
  errno: 'ECONNREFUSED',
  code: 'ECONNREFUSED'
}
 {"metadata":{"emulator":{"name":"ui"},"message":"u [FetchError]: request to http://localhost:4400/emulators failed, reason: connect ECONNREFUSED ::1:4400\n    at ClientRequest.<anonymous> (/home/rami/.cache/firebase/emulators/ui-v1.6.5/server.bundle.js:326:16909)\n    at ClientRequest.emit (node:events:390:28)\n    at Socket.socketErrorListener (node:_http_client:447:9)\n    at Socket.emit (node:events:390:28)\n    at emitErrorNT (node:internal/streams/destroy:157:8)\n    at emitErrorCloseNT (node:internal/streams/destroy:122:3)\n    at processTicksAndRejections (node:internal/process/task_queues:83:21) {\n  type: 'system',\n  errno: 'ECONNREFUSED',\n  code: 'ECONNREFUSED'\n}\n"}}
[debug] [2022-05-30T20:47:40.277Z] u [FetchError]: request to http://localhost:4400/emulators failed, reason: connect ECONNREFUSED ::1:4400
    at ClientRequest.<anonymous> (/home/rami/.cache/firebase/emulators/ui-v1.6.5/server.bundle.js:326:16909)
    at ClientRequest.emit (node:events:390:28)
    at Socket.socketErrorListener (node:_http_client:447:9)
    at Socket.emit (node:events:390:28)
    at emitErrorNT (node:internal/streams/destroy:157:8)
    at emitErrorCloseNT (node:internal/streams/destroy:122:3)
    at processTicksAndRejections (node:internal/process/task_queues:83:21) {
  type: 'system',
  errno: 'ECONNREFUSED',
  code: 'ECONNREFUSED'
}
 {"metadata":{"emulator":{"name":"ui"},"message":"u [FetchError]: request to http://localhost:4400/emulators failed, reason: connect ECONNREFUSED ::1:4400\n    at ClientRequest.<anonymous> (/home/rami/.cache/firebase/emulators/ui-v1.6.5/server.bundle.js:326:16909)\n    at ClientRequest.emit (node:events:390:28)\n    at Socket.socketErrorListener (node:_http_client:447:9)\n    at Socket.emit (node:events:390:28)\n    at emitErrorNT (node:internal/streams/destroy:157:8)\n    at emitErrorCloseNT (node:internal/streams/destroy:122:3)\n    at processTicksAndRejections (node:internal/process/task_queues:83:21) {\n  type: 'system',\n  errno: 'ECONNREFUSED',\n  code: 'ECONNREFUSED'\n}\n"}}
[debug] [2022-05-30T20:47:41.370Z] u [FetchError]: request to http://localhost:4400/emulators failed, reason: connect ECONNREFUSED ::1:4400
    at ClientRequest.<anonymous> (/home/rami/.cache/firebase/emulators/ui-v1.6.5/server.bundle.js:326:16909)
    at ClientRequest.emit (node:events:390:28)
    at Socket.socketErrorListener (node:_http_client:447:9)
    at Socket.emit (node:events:390:28)
    at emitErrorNT (node:internal/streams/destroy:157:8)
    at emitErrorCloseNT (node:internal/streams/destroy:122:3)
    at processTicksAndRejections (node:internal/process/task_queues:83:21) {
  type: 'system',
  errno: 'ECONNREFUSED',
  code: 'ECONNREFUSED'
}
 {"metadata":{"emulator":{"name":"ui"},"message":"u [FetchError]: request to http://localhost:4400/emulators failed, reason: connect ECONNREFUSED ::1:4400\n    at ClientRequest.<anonymous> (/home/rami/.cache/firebase/emulators/ui-v1.6.5/server.bundle.js:326:16909)\n    at ClientRequest.emit (node:events:390:28)\n    at Socket.socketErrorListener (node:_http_client:447:9)\n    at Socket.emit (node:events:390:28)\n    at emitErrorNT (node:internal/streams/destroy:157:8)\n    at emitErrorCloseNT (node:internal/streams/destroy:122:3)\n    at processTicksAndRejections (node:internal/process/task_queues:83:21) {\n  type: 'system',\n  errno: 'ECONNREFUSED',\n  code: 'ECONNREFUSED'\n}\n"}}
[debug] [2022-05-30T20:47:41.388Z] u [FetchError]: request to http://localhost:4400/emulators failed, reason: connect ECONNREFUSED ::1:4400
    at ClientRequest.<anonymous> (/home/rami/.cache/firebase/emulators/ui-v1.6.5/server.bundle.js:326:16909)
    at ClientRequest.emit (node:events:390:28)
    at Socket.socketErrorListener (node:_http_client:447:9)
    at Socket.emit (node:events:390:28)
    at emitErrorNT (node:internal/streams/destroy:157:8)
    at emitErrorCloseNT (node:internal/streams/destroy:122:3)
    at processTicksAndRejections (node:internal/process/task_queues:83:21) {
  type: 'system',
  errno: 'ECONNREFUSED',
  code: 'ECONNREFUSED'
}
 {"metadata":{"emulator":{"name":"ui"},"message":"u [FetchError]: request to http://localhost:4400/emulators failed, reason: connect ECONNREFUSED ::1:4400\n    at ClientRequest.<anonymous> (/home/rami/.cache/firebase/emulators/ui-v1.6.5/server.bundle.js:326:16909)\n    at ClientRequest.emit (node:events:390:28)\n    at Socket.socketErrorListener (node:_http_client:447:9)\n    at Socket.emit (node:events:390:28)\n    at emitErrorNT (node:internal/streams/destroy:157:8)\n    at emitErrorCloseNT (node:internal/streams/destroy:122:3)\n    at processTicksAndRejections (node:internal/process/task_queues:83:21) {\n  type: 'system',\n  errno: 'ECONNREFUSED',\n  code: 'ECONNREFUSED'\n}\n"}}
[debug] [2022-05-30T20:47:42.310Z] u [FetchError]: request to http://localhost:4400/emulators failed, reason: connect ECONNREFUSED ::1:4400
    at ClientRequest.<anonymous> (/home/rami/.cache/firebase/emulators/ui-v1.6.5/server.bundle.js:326:16909)
    at ClientRequest.emit (node:events:390:28)
    at Socket.socketErrorListener (node:_http_client:447:9)
    at Socket.emit (node:events:390:28)
    at emitErrorNT (node:internal/streams/destroy:157:8)
    at emitErrorCloseNT (node:internal/streams/destroy:122:3)
    at processTicksAndRejections (node:internal/process/task_queues:83:21) {
  type: 'system',
  errno: 'ECONNREFUSED',
  code: 'ECONNREFUSED'
}
 {"metadata":{"emulator":{"name":"ui"},"message":"u [FetchError]: request to http://localhost:4400/emulators failed, reason: connect ECONNREFUSED ::1:4400\n    at ClientRequest.<anonymous> (/home/rami/.cache/firebase/emulators/ui-v1.6.5/server.bundle.js:326:16909)\n    at ClientRequest.emit (node:events:390:28)\n    at Socket.socketErrorListener (node:_http_client:447:9)\n    at Socket.emit (node:events:390:28)\n    at emitErrorNT (node:internal/streams/destroy:157:8)\n    at emitErrorCloseNT (node:internal/streams/destroy:122:3)\n    at processTicksAndRejections (node:internal/process/task_queues:83:21) {\n  type: 'system',\n  errno: 'ECONNREFUSED',\n  code: 'ECONNREFUSED'\n}\n"}}
[debug] [2022-05-30T20:47:42.327Z] u [FetchError]: request to http://localhost:4400/emulators failed, reason: connect ECONNREFUSED ::1:4400
    at ClientRequest.<anonymous> (/home/rami/.cache/firebase/emulators/ui-v1.6.5/server.bundle.js:326:16909)
    at ClientRequest.emit (node:events:390:28)
    at Socket.socketErrorListener (node:_http_client:447:9)
    at Socket.emit (node:events:390:28)
    at emitErrorNT (node:internal/streams/destroy:157:8)
    at emitErrorCloseNT (node:internal/streams/destroy:122:3)
    at processTicksAndRejections (node:internal/process/task_queues:83:21) {
  type: 'system',
  errno: 'ECONNREFUSED',
  code: 'ECONNREFUSED'
}
 {"metadata":{"emulator":{"name":"ui"},"message":"u [FetchError]: request to http://localhost:4400/emulators failed, reason: connect ECONNREFUSED ::1:4400\n    at ClientRequest.<anonymous> (/home/rami/.cache/firebase/emulators/ui-v1.6.5/server.bundle.js:326:16909)\n    at ClientRequest.emit (node:events:390:28)\n    at Socket.socketErrorListener (node:_http_client:447:9)\n    at Socket.emit (node:events:390:28)\n    at emitErrorNT (node:internal/streams/destroy:157:8)\n    at emitErrorCloseNT (node:internal/streams/destroy:122:3)\n    at processTicksAndRejections (node:internal/process/task_queues:83:21) {\n  type: 'system',\n  errno: 'ECONNREFUSED',\n  code: 'ECONNREFUSED'\n}\n"}}
[debug] [2022-05-30T20:47:43.406Z] u [FetchError]: request to http://localhost:4400/emulators failed, reason: connect ECONNREFUSED ::1:4400
    at ClientRequest.<anonymous> (/home/rami/.cache/firebase/emulators/ui-v1.6.5/server.bundle.js:326:16909)
    at ClientRequest.emit (node:events:390:28)
    at Socket.socketErrorListener (node:_http_client:447:9)
    at Socket.emit (node:events:390:28)
    at emitErrorNT (node:internal/streams/destroy:157:8)
    at emitErrorCloseNT (node:internal/streams/destroy:122:3)
    at processTicksAndRejections (node:internal/process/task_queues:83:21) {
  type: 'system',
  errno: 'ECONNREFUSED',
  code: 'ECONNREFUSED'
}
 {"metadata":{"emulator":{"name":"ui"},"message":"u [FetchError]: request to http://localhost:4400/emulators failed, reason: connect ECONNREFUSED ::1:4400\n    at ClientRequest.<anonymous> (/home/rami/.cache/firebase/emulators/ui-v1.6.5/server.bundle.js:326:16909)\n    at ClientRequest.emit (node:events:390:28)\n    at Socket.socketErrorListener (node:_http_client:447:9)\n    at Socket.emit (node:events:390:28)\n    at emitErrorNT (node:internal/streams/destroy:157:8)\n    at emitErrorCloseNT (node:internal/streams/destroy:122:3)\n    at processTicksAndRejections (node:internal/process/task_queues:83:21) {\n  type: 'system',\n  errno: 'ECONNREFUSED',\n  code: 'ECONNREFUSED'\n}\n"}}
[debug] [2022-05-30T20:47:43.423Z] u [FetchError]: request to http://localhost:4400/emulators failed, reason: connect ECONNREFUSED ::1:4400
    at ClientRequest.<anonymous> (/home/rami/.cache/firebase/emulators/ui-v1.6.5/server.bundle.js:326:16909)
    at ClientRequest.emit (node:events:390:28)
    at Socket.socketErrorListener (node:_http_client:447:9)
    at Socket.emit (node:events:390:28)
    at emitErrorNT (node:internal/streams/destroy:157:8)
    at emitErrorCloseNT (node:internal/streams/destroy:122:3)
    at processTicksAndRejections (node:internal/process/task_queues:83:21) {
  type: 'system',
  errno: 'ECONNREFUSED',
  code: 'ECONNREFUSED'
}
 {"metadata":{"emulator":{"name":"ui"},"message":"u [FetchError]: request to http://localhost:4400/emulators failed, reason: connect ECONNREFUSED ::1:4400\n    at ClientRequest.<anonymous> (/home/rami/.cache/firebase/emulators/ui-v1.6.5/server.bundle.js:326:16909)\n    at ClientRequest.emit (node:events:390:28)\n    at Socket.socketErrorListener (node:_http_client:447:9)\n    at Socket.emit (node:events:390:28)\n    at emitErrorNT (node:internal/streams/destroy:157:8)\n    at emitErrorCloseNT (node:internal/streams/destroy:122:3)\n    at processTicksAndRejections (node:internal/process/task_queues:83:21) {\n  type: 'system',\n  errno: 'ECONNREFUSED',\n  code: 'ECONNREFUSED'\n}\n"}}
[debug] [2022-05-30T20:47:44.345Z] u [FetchError]: request to http://localhost:4400/emulators failed, reason: connect ECONNREFUSED ::1:4400
    at ClientRequest.<anonymous> (/home/rami/.cache/firebase/emulators/ui-v1.6.5/server.bundle.js:326:16909)
    at ClientRequest.emit (node:events:390:28)
    at Socket.socketErrorListener (node:_http_client:447:9)
    at Socket.emit (node:events:390:28)
    at emitErrorNT (node:internal/streams/destroy:157:8)
    at emitErrorCloseNT (node:internal/streams/destroy:122:3)
    at processTicksAndRejections (node:internal/process/task_queues:83:21) {
  type: 'system',
  errno: 'ECONNREFUSED',
  code: 'ECONNREFUSED'
}
 {"metadata":{"emulator":{"name":"ui"},"message":"u [FetchError]: request to http://localhost:4400/emulators failed, reason: connect ECONNREFUSED ::1:4400\n    at ClientRequest.<anonymous> (/home/rami/.cache/firebase/emulators/ui-v1.6.5/server.bundle.js:326:16909)\n    at ClientRequest.emit (node:events:390:28)\n    at Socket.socketErrorListener (node:_http_client:447:9)\n    at Socket.emit (node:events:390:28)\n    at emitErrorNT (node:internal/streams/destroy:157:8)\n    at emitErrorCloseNT (node:internal/streams/destroy:122:3)\n    at processTicksAndRejections (node:internal/process/task_queues:83:21) {\n  type: 'system',\n  errno: 'ECONNREFUSED',\n  code: 'ECONNREFUSED'\n}\n"}}
[debug] [2022-05-30T20:47:44.364Z] u [FetchError]: request to http://localhost:4400/emulators failed, reason: connect ECONNREFUSED ::1:4400
    at ClientRequest.<anonymous> (/home/rami/.cache/firebase/emulators/ui-v1.6.5/server.bundle.js:326:16909)
    at ClientRequest.emit (node:events:390:28)
    at Socket.socketErrorListener (node:_http_client:447:9)
    at Socket.emit (node:events:390:28)
    at emitErrorNT (node:internal/streams/destroy:157:8)
    at emitErrorCloseNT (node:internal/streams/destroy:122:3)
    at processTicksAndRejections (node:internal/process/task_queues:83:21) {
  type: 'system',
  errno: 'ECONNREFUSED',
  code: 'ECONNREFUSED'
}
 {"metadata":{"emulator":{"name":"ui"},"message":"u [FetchError]: request to http://localhost:4400/emulators failed, reason: connect ECONNREFUSED ::1:4400\n    at ClientRequest.<anonymous> (/home/rami/.cache/firebase/emulators/ui-v1.6.5/server.bundle.js:326:16909)\n    at ClientRequest.emit (node:events:390:28)\n    at Socket.socketErrorListener (node:_http_client:447:9)\n    at Socket.emit (node:events:390:28)\n    at emitErrorNT (node:internal/streams/destroy:157:8)\n    at emitErrorCloseNT (node:internal/streams/destroy:122:3)\n    at processTicksAndRejections (node:internal/process/task_queues:83:21) {\n  type: 'system',\n  errno: 'ECONNREFUSED',\n  code: 'ECONNREFUSED'\n}\n"}}
